<?xml version="1.0" encoding="UTF-8"?>
<!-- Generated by org.testng.reporters.JUnitReportReporter -->
<testsuite hostname="LAPTOP-OE2GFHCN" failures="0" tests="2" name="company.mainClass" time="30.499" errors="0" timestamp="2021-04-13T16:41:46 CEST" skipped="0">
  <testcase classname="company.mainClass" name="homepage" time="18.660"/>
  <system-out/>
  <testcase classname="company.mainClass" name="homepage" time="11.839"/>
  <system-out/>
</testsuite> <!-- company.mainClass -->
