<?xml version="1.0" encoding="UTF-8"?>
<!-- Generated by org.testng.reporters.JUnitReportReporter -->
<testsuite skipped="0" hostname="LAPTOP-OE2GFHCN" name="company.ValidateTitle" tests="1" failures="0" timestamp="2021-04-10T22:28:30 CEST" time="0.137" errors="0">
  <testcase name="homepage" time="0.137" classname="company.ValidateTitle"/>
  <system-out/>
</testsuite> <!-- company.ValidateTitle -->
