<?xml version="1.0" encoding="UTF-8"?>
<!-- Generated by org.testng.reporters.JUnitReportReporter -->
<testsuite skipped="0" hostname="LAPTOP-OE2GFHCN" name="company.mainClass" tests="2" failures="0" timestamp="2021-04-10T22:28:30 CEST" time="20.470" errors="0">
  <testcase name="homepage" time="11.099" classname="company.mainClass"/>
  <system-out/>
  <testcase name="homepage" time="9.371" classname="company.mainClass"/>
  <system-out/>
</testsuite> <!-- company.mainClass -->
